\BOOKMARK [1][-]{section.1}{\376\377\000O\000p\000i\000s\000\040\000w\000y\000c\000i\000n\000k\000a\000\040\000r\000z\000e\000c\000z\000y\000w\000i\000s\000t\000o\001\133\000c\000i}{}% 1
\BOOKMARK [2][-]{subsection.1.1}{\376\377\000O\000p\000i\000s\000\040\000r\000z\000e\000c\000z\000y\000w\000i\000s\000t\000o\001\133\000c\000i}{section.1}% 2
\BOOKMARK [2][-]{subsection.1.2}{\376\377\000Z\000a\000s\000o\000b\000y\000\040\000l\000u\000d\000z\000k\000i\000e}{section.1}% 3
\BOOKMARK [2][-]{subsection.1.3}{\376\377\000O\000p\000i\000s\000y\000\040\000s\000y\000t\000u\000a\000c\000j\000i}{section.1}% 4
\BOOKMARK [1][-]{section.2}{\376\377\000M\000o\000d\000e\000l\000\040\000b\000a\000z\000y\000\040\000d\000a\000n\000y\000c\000h}{}% 5
\BOOKMARK [2][-]{subsection.2.1}{\376\377\000W\000y\000m\000a\000g\000a\000n\000i\000a\000\040\000f\000u\000n\000k\000c\000j\000o\000n\000a\000l\000n\000e\000\040\000i\000\040\000n\000i\000e\000f\000u\000n\000k\000c\000j\000o\000n\000a\000l\000n\000e}{section.2}% 6
\BOOKMARK [2][-]{subsection.2.2}{\376\377\000D\000i\000a\000g\000r\000a\000m\000\040\000p\000r\000z\000y\000p\000a\000d\000k\000\363\000w\000\040\000u\001\174\000y\000c\000i\000a}{section.2}% 7
\BOOKMARK [2][-]{subsection.2.3}{\376\377\000O\000p\000i\000s\000\040\000s\000c\000e\000n\000a\000r\000i\000u\000s\000z\000y}{section.2}% 8
\BOOKMARK [2][-]{subsection.2.4}{\376\377\000D\000i\000a\000g\000r\000a\000m\000\040\000E\000R\000D}{section.2}% 9
\BOOKMARK [1][-]{section.3}{\376\377\000I\000m\000p\000l\000e\000m\000e\000n\000t\000a\000c\000j\000a\000\040\000b\000a\000z\000y\000\040\000d\000a\000n\000y\000c\000h}{}% 10
\BOOKMARK [1][-]{section.4}{\376\377\000I\000m\000p\000l\000e\000m\000e\000n\000t\000a\000c\000j\000a\000\040\000a\000p\000l\000i\000k\000a\000c\000j\000i}{}% 11
\BOOKMARK [2][-]{subsection.4.1}{\376\377\000Z\000m\000i\000a\000n\000y\000\040\000w\000\040\000d\000i\000a\000g\000r\000a\000m\000i\000e\000\040\000p\000r\000z\000y\000p\000a\000d\000k\000\363\000w\000\040\000u\001\174\000y\000c\000i\000a}{section.4}% 12
\BOOKMARK [2][-]{subsection.4.2}{\376\377\000M\000a\000k\000i\000e\000t\000a\000\040\000i\000n\000t\000e\000r\000f\000e\000j\000s\000u\000\040\000g\000r\000a\000f\000i\000c\000z\000n\000e\000g\000o}{section.4}% 13
\BOOKMARK [2][-]{subsection.4.3}{\376\377\000D\000i\000a\000g\000r\000a\000m\000\040\000k\000l\000a\000s}{section.4}% 14
\BOOKMARK [2][-]{subsection.4.4}{\376\377\000W\000d\000r\000o\001\174\000e\000n\000i\000e\000\040\000a\000p\000l\000i\000k\000a\000c\000j\000i}{section.4}% 15
\BOOKMARK [3][-]{subsubsection.4.4.1}{\376\377\000O\000k\000n\000a\000\040\000s\000t\000a\000r\000t\000o\000w\000e}{subsection.4.4}% 16
\BOOKMARK [3][-]{subsubsection.4.4.2}{\376\377\000O\000k\000n\000a\000\040\000k\000l\000i\000e\000n\000t\000a}{subsection.4.4}% 17
\BOOKMARK [3][-]{subsubsection.4.4.3}{\376\377\000O\000k\000n\000a\000\040\000p\000r\000a\000c\000o\000w\000n\000i\000k\000a}{subsection.4.4}% 18
\BOOKMARK [2][-]{subsection.4.5}{\376\377\000T\000e\000s\000t\000o\000w\000a\000n\000i\000e\000\040\000a\000p\000l\000i\000k\000a\000c\000j\000i}{section.4}% 19
\BOOKMARK [3][-]{subsubsection.4.5.1}{\376\377\000T\000e\000s\000t\000y\000\040\000j\000e\000d\000n\000o\000s\000t\000k\000o\000w\000e}{subsection.4.5}% 20
\BOOKMARK [3][-]{subsubsection.4.5.2}{\376\377\000T\000e\000s\000t\000y\000\040\000G\000U\000I}{subsection.4.5}% 21
